# JRE version: Java(TM) SE Runtime Environment (25.0.2+10) (build 25.0.2+10-LTS-69)
# Java VM: Java HotSpot(TM) 64-Bit Server VM (25.0.2+10-LTS-69, mixed mode, sharing, tiered, compressed oops, compressed class ptrs, g1 gc, windows-amd64)
GC Precious Log:
 CardTable entry size: 512
 Card Set container configuration: InlinePtr #cards 5 size 8 Array Of Cards #cards 10 size 36 Howl #buckets 4 coarsen threshold 1843 Howl Bitmap #cards 512 size 80 coarsen threshold 460 Card regions per heap region 1 cards per card region 2048
 CPUs: 8 total, 8 available
 Memory: 7103M
 Large Page Support: Disabled
 NUMA Support: Disabled
 Compressed Oops: Enabled (32-bit)
 Heap Region Size: 1M
 Heap Min Capacity: 8M
 Heap Initial Capacity: 112M
 Heap Max Capacity: 1776M
 Pre-touch: Disabled
 Parallel Workers: 8
 Concurrent Workers: 2
 Concurrent Refinement Workers: 8
 Periodic GC: Disabled
Heap:
 garbage-first heap   total reserved 1818624K, committed 32768K, used 15261K [0x0000000091000000, 0x0000000100000000)
  region size 1024K, 8 young (8192K), 2 survivors (2048K)
GC Heap Usage History (10 events):
Event: 3.783 {heap Before GC invocations=0 (full 0):
 garbage-first heap   total reserved 1818624K, committed 116736K, used 51349K [0x0000000091000000, 0x0000000100000000)
  region size 1024K, 47 young (48128K), 0 survivors (0K)
}
Event: 3.793 {heap After GC invocations=1 (full 0):
 garbage-first heap   total reserved 1818624K, committed 116736K, used 7317K [0x0000000091000000, 0x0000000100000000)
  region size 1024K, 4 young (4096K), 4 survivors (4096K)
}
Event: 4.381 {heap Before GC invocations=1 (full 0):
 garbage-first heap   total reserved 1818624K, committed 116736K, used 17557K [0x0000000091000000, 0x0000000100000000)
  region size 1024K, 15 young (15360K), 4 survivors (4096K)
}
Event: 4.387 {heap After GC invocations=2 (full 0):
 garbage-first heap   total reserved 1818624K, committed 116736K, used 8044K [0x0000000091000000, 0x0000000100000000)
  region size 1024K, 1 young (1024K), 1 survivors (1024K)
}
Event: 46.951 {heap Before GC invocations=3 (full 0):
 garbage-first heap   total reserved 1818624K, committed 30720K, used 28524K [0x0000000091000000, 0x0000000100000000)
  region size 1024K, 22 young (22528K), 1 survivors (1024K)
}
Event: 46.959 {heap After GC invocations=4 (full 0):
 garbage-first heap   total reserved 1818624K, committed 32768K, used 8886K [0x0000000091000000, 0x0000000100000000)
  region size 1024K, 2 young (2048K), 2 survivors (2048K)
}
Event: 47.323 {heap Before GC invocations=4 (full 0):
 garbage-first heap   total reserved 1818624K, committed 32768K, used 22198K [0x0000000091000000, 0x0000000100000000)
  region size 1024K, 16 young (16384K), 2 survivors (2048K)
}
Event: 47.326 {heap After GC invocations=5 (full 0):
 garbage-first heap   total reserved 1818624K, committed 32768K, used 9358K [0x0000000091000000, 0x0000000100000000)
  region size 1024K, 1 young (1024K), 1 survivors (1024K)
}
Event: 193.806 {heap Before GC invocations=5 (full 0):
 garbage-first heap   total reserved 1818624K, committed 32768K, used 23694K [0x0000000091000000, 0x0000000100000000)
  region size 1024K, 16 young (16384K), 1 survivors (1024K)
}
Event: 193.827 {heap After GC invocations=6 (full 0):
 garbage-first heap   total reserved 1818624K, committed 32768K, used 10141K [0x0000000091000000, 0x0000000100000000)
  region size 1024K, 2 young (2048K), 2 survivors (2048K)
}

